  main.cpp
d:\hbs\code\git\objectrenderer\objectrenderer\ReadMesh.h(215): warning C4267: '초기화 중': 'size_t'에서 'int'(으)로 변환하면서 데이터가 손실될 수 있습니다.
d:\hbs\code\git\objectrenderer\objectrenderer\ReadMesh.h(216): warning C4267: '초기화 중': 'size_t'에서 'int'(으)로 변환하면서 데이터가 손실될 수 있습니다.
d:\hbs\code\git\objectrenderer\objectrenderer\ReadMesh.h(459): warning C4838: 'double'에서 'float'(으)로의 변환에는 축소 변환이 필요합니다.
d:\hbs\code\git\objectrenderer\objectrenderer\ReadMesh.h(461): warning C4838: 'double'에서 'float'(으)로의 변환에는 축소 변환이 필요합니다.
  ReadMesh.cpp
d:\hbs\code\git\objectrenderer\objectrenderer\STL_Loader.h(394): warning C4267: '인수': 'size_t'에서 'const uint32_t'(으)로 변환하면서 데이터가 손실될 수 있습니다.
d:\hbs\code\git\objectrenderer\objectrenderer\ReadMesh.h(215): warning C4267: '초기화 중': 'size_t'에서 'int'(으)로 변환하면서 데이터가 손실될 수 있습니다.
d:\hbs\code\git\objectrenderer\objectrenderer\ReadMesh.h(216): warning C4267: '초기화 중': 'size_t'에서 'int'(으)로 변환하면서 데이터가 손실될 수 있습니다.
d:\hbs\code\git\objectrenderer\objectrenderer\ReadMesh.h(459): warning C4838: 'double'에서 'float'(으)로의 변환에는 축소 변환이 필요합니다.
d:\hbs\code\git\objectrenderer\objectrenderer\ReadMesh.h(461): warning C4838: 'double'에서 'float'(으)로의 변환에는 축소 변환이 필요합니다.
  Simulator.cpp
d:\hbs\code\git\objectrenderer\objectrenderer\ReadMesh.h(215): warning C4267: '초기화 중': 'size_t'에서 'int'(으)로 변환하면서 데이터가 손실될 수 있습니다.
d:\hbs\code\git\objectrenderer\objectrenderer\ReadMesh.h(216): warning C4267: '초기화 중': 'size_t'에서 'int'(으)로 변환하면서 데이터가 손실될 수 있습니다.
d:\hbs\code\git\objectrenderer\objectrenderer\ReadMesh.h(459): warning C4838: 'double'에서 'float'(으)로의 변환에는 축소 변환이 필요합니다.
d:\hbs\code\git\objectrenderer\objectrenderer\ReadMesh.h(461): warning C4838: 'double'에서 'float'(으)로의 변환에는 축소 변환이 필요합니다.
Simulator.cpp(71): warning C4838: 'double'에서 'float'(으)로의 변환에는 축소 변환이 필요합니다.
Simulator.cpp(72): warning C4838: 'double'에서 'float'(으)로의 변환에는 축소 변환이 필요합니다.
Simulator.cpp(74): warning C4838: 'double'에서 'float'(으)로의 변환에는 축소 변환이 필요합니다.
  Viewer.cpp
d:\hbs\code\git\objectrenderer\objectrenderer\ReadMesh.h(215): warning C4267: '초기화 중': 'size_t'에서 'int'(으)로 변환하면서 데이터가 손실될 수 있습니다.
d:\hbs\code\git\objectrenderer\objectrenderer\ReadMesh.h(216): warning C4267: '초기화 중': 'size_t'에서 'int'(으)로 변환하면서 데이터가 손실될 수 있습니다.
d:\hbs\code\git\objectrenderer\objectrenderer\ReadMesh.h(459): warning C4838: 'double'에서 'float'(으)로의 변환에는 축소 변환이 필요합니다.
d:\hbs\code\git\objectrenderer\objectrenderer\ReadMesh.h(461): warning C4838: 'double'에서 'float'(으)로의 변환에는 축소 변환이 필요합니다.
C:\Program Files (x86)\Windows Kits\8.1\Include\shared\minwindef.h(127): warning C4005: 'CALLBACK': 매크로 재정의
  D:\hbs\Code\git\ObjectRenderer\include\GL/glut.h(34): note: 'CALLBACK'의 이전 정의를 참조하십시오.
  코드를 생성하고 있습니다.
  All 901 functions were compiled because no usable IPDB/IOBJ from previous compilation was found.
  코드를 생성했습니다.
  ObjectRenderer.vcxproj -> D:\hbs\Code\git\ObjectRenderer\x64\Release\ObjectRenderer.exe
  ObjectRenderer.vcxproj -> D:\hbs\Code\git\ObjectRenderer\x64\Release\ObjectRenderer.pdb (Full PDB)
